C:\Program Files\Microsoft Visual Studio\2022\Community\MSBuild\Microsoft\VC\v170\Microsoft.CppBuild.targets(517,5): warning MSB8004: Output Directory does not end with a trailing slash.  This build instance will add the slash as it is required to allow proper evaluation of the Output Directory.
C:\Program Files\Microsoft Visual Studio\2022\Community\MSBuild\Microsoft\VC\v170\Microsoft.CppBuild.targets(531,5): warning MSB8028: The intermediate directory (Release\) contains files shared from another project (amethyst.vcxproj).  This can lead to incorrect clean and rebuild behavior.
  core.cpp
D:\Documents\GitHub\Amethyst-2\amethyst\stdafx.h(1,1): warning C4819: The file contains a character that cannot be represented in the current code page (936). Save the file in Unicode format to prevent data loss
  (compiling source file 'core.cpp')
  
D:\Documents\GitHub\H3API\single_header\H3API.hpp(1,1): warning C4819: The file contains a character that cannot be represented in the current code page (936). Save the file in Unicode format to prevent data loss
  (compiling source file 'core.cpp')
  
D:\Documents\GitHub\H3API\single_header\H3API.hpp(21662,15): warning C4996: '_vsnprintf': This function or variable may be unsafe. Consider using _vsnprintf_s instead. To disable deprecation, use _CRT_SECURE_NO_WARNINGS. See online help for details.
  (compiling source file 'core.cpp')
  
D:\Documents\GitHub\Amethyst-2\amethyst\patcher_x86_commented.hpp(1183,9): warning C4005: 'CALL_0': macro redefinition
  (compiling source file 'core.cpp')
      D:\Documents\GitHub\Amethyst-2\amethyst\patcher_x86_commented.hpp(78,9):
      see previous definition of 'CALL_0'
  
D:\Documents\GitHub\Amethyst-2\amethyst\core.cpp(783,27): warning C4806: '&': unsafe operation: no value of type 'bool' promoted to type 'int' can equal the given constant
D:\Documents\GitHub\Amethyst-2\amethyst\core.cpp(852,4): warning C4996: 'sprintf': This function or variable may be unsafe. Consider using sprintf_s instead. To disable deprecation, use _CRT_SECURE_NO_WARNINGS. See online help for details.
D:\Documents\GitHub\Amethyst-2\amethyst\core.cpp(853,4): warning C4996: 'sprintf': This function or variable may be unsafe. Consider using sprintf_s instead. To disable deprecation, use _CRT_SECURE_NO_WARNINGS. See online help for details.
D:\Documents\GitHub\Amethyst-2\amethyst\core.cpp(1287,3): warning C4996: 'sprintf': This function or variable may be unsafe. Consider using sprintf_s instead. To disable deprecation, use _CRT_SECURE_NO_WARNINGS. See online help for details.
D:\Documents\GitHub\Amethyst-2\amethyst\core.cpp(1294,3): warning C4996: 'sprintf': This function or variable may be unsafe. Consider using sprintf_s instead. To disable deprecation, use _CRT_SECURE_NO_WARNINGS. See online help for details.
D:\Documents\GitHub\Amethyst-2\amethyst\core.cpp(1299,3): warning C4996: 'sprintf': This function or variable may be unsafe. Consider using sprintf_s instead. To disable deprecation, use _CRT_SECURE_NO_WARNINGS. See online help for details.
D:\Documents\GitHub\Amethyst-2\amethyst\core.cpp(1307,4): warning C4996: 'sprintf': This function or variable may be unsafe. Consider using sprintf_s instead. To disable deprecation, use _CRT_SECURE_NO_WARNINGS. See online help for details.
  tables.cpp
D:\Documents\GitHub\Amethyst-2\amethyst\stdafx.h(1,1): warning C4819: The file contains a character that cannot be represented in the current code page (936). Save the file in Unicode format to prevent data loss
  (compiling source file 'tables.cpp')
  
D:\Documents\GitHub\H3API\single_header\H3API.hpp(1,1): warning C4819: The file contains a character that cannot be represented in the current code page (936). Save the file in Unicode format to prevent data loss
  (compiling source file 'tables.cpp')
  
D:\Documents\GitHub\H3API\single_header\H3API.hpp(21662,15): warning C4996: '_vsnprintf': This function or variable may be unsafe. Consider using _vsnprintf_s instead. To disable deprecation, use _CRT_SECURE_NO_WARNINGS. See online help for details.
  (compiling source file 'tables.cpp')
  
D:\Documents\GitHub\Amethyst-2\amethyst\patcher_x86_commented.hpp(1183,9): warning C4005: 'CALL_0': macro redefinition
  (compiling source file 'tables.cpp')
      D:\Documents\GitHub\Amethyst-2\amethyst\patcher_x86_commented.hpp(78,9):
      see previous definition of 'CALL_0'
  
D:\Documents\GitHub\Amethyst-2\amethyst\tables.cpp(436,33): warning C4244: 'argument': conversion from 'double' to 'int', possible loss of data
D:\Documents\GitHub\Amethyst-2\amethyst\tables.cpp(468,33): warning C4244: 'argument': conversion from 'double' to 'int', possible loss of data
D:\Documents\GitHub\Amethyst-2\amethyst\tables.cpp(596,48): warning C4244: '=': conversion from 'double' to 'float', possible loss of data
D:\Documents\GitHub\Amethyst-2\amethyst\tables.cpp(598,49): warning C4244: '+=': conversion from 'double' to 'float', possible loss of data
D:\Documents\GitHub\Amethyst-2\amethyst\tables.cpp(601,51): warning C4244: '=': conversion from 'double' to 'float', possible loss of data
D:\Documents\GitHub\Amethyst-2\amethyst\tables.cpp(603,52): warning C4244: '+=': conversion from 'double' to 'float', possible loss of data
D:\Documents\GitHub\Amethyst-2\amethyst\tables.cpp(794,46): warning C4244: '=': conversion from 'double' to 'float', possible loss of data
D:\Documents\GitHub\Amethyst-2\amethyst\tables.cpp(1029,7): warning C4244: '=': conversion from 'int' to 'float', possible loss of data
D:\Documents\GitHub\Amethyst-2\amethyst\tables.cpp(519,3): warning C4996: 'sprintf': This function or variable may be unsafe. Consider using sprintf_s instead. To disable deprecation, use _CRT_SECURE_NO_WARNINGS. See online help for details.
D:\Documents\GitHub\Amethyst-2\amethyst\tables.cpp(1053,4): warning C4996: 'sprintf': This function or variable may be unsafe. Consider using sprintf_s instead. To disable deprecation, use _CRT_SECURE_NO_WARNINGS. See online help for details.
D:\Documents\GitHub\Amethyst-2\amethyst\tables.cpp(1054,18): warning C4996: 'fopen': This function or variable may be unsafe. Consider using fopen_s instead. To disable deprecation, use _CRT_SECURE_NO_WARNINGS. See online help for details.
D:\Documents\GitHub\Amethyst-2\amethyst\tables.cpp(1045,15): warning C4101: 'c': unreferenced local variable
D:\Documents\GitHub\Amethyst-2\amethyst\tables.cpp(1751,3): warning C4102: 'zzz_if_esi': unreferenced label
D:\Documents\GitHub\Amethyst-2\amethyst\tables.cpp(1760,3): warning C4102: 'zzz__if_eax': unreferenced label
D:\Documents\GitHub\Amethyst-2\amethyst\tables.cpp(1841,1): warning C4102: 'have_ability': unreferenced label
D:\Documents\GitHub\Amethyst-2\amethyst\tables.cpp(1929,1): warning C4102: 'have_ability': unreferenced label
D:\Documents\GitHub\Amethyst-2\amethyst\tables.cpp(2158,17): warning C4244: 'initializing': conversion from 'float' to 'long', possible loss of data
D:\Documents\GitHub\Amethyst-2\amethyst\tables.cpp(2162,70): warning C4244: '+=': conversion from 'float' to 'WORD', possible loss of data
D:\Documents\GitHub\Amethyst-2\amethyst\tables.cpp(2164,38): warning C4244: '=': conversion from 'long' to 'WORD', possible loss of data
D:\Documents\GitHub\Amethyst-2\amethyst\tables.cpp(2146,6): warning C4102: 'zzz__improper_target': unreferenced label
D:\Documents\GitHub\Amethyst-2\amethyst\tables.cpp(2568,1): warning C4102: 'right': unreferenced label
D:\Documents\GitHub\Amethyst-2\amethyst\tables.cpp(2629,1): warning C4102: 'loc_0043F723': unreferenced label
D:\Documents\GitHub\Amethyst-2\amethyst\tables.cpp(2702,1): warning C4102: 'some_chance': unreferenced label
D:\Documents\GitHub\Amethyst-2\amethyst\tables.cpp(2723,18): warning C4244: '=': conversion from 'float' to 'int', possible loss of data
D:\Documents\GitHub\Amethyst-2\amethyst\tables.cpp(2724,10): warning C4244: 'initializing': conversion from 'float' to 'int', possible loss of data
D:\Documents\GitHub\Amethyst-2\amethyst\tables.cpp(2731,13): warning C4244: 'initializing': conversion from 'double' to 'float', possible loss of data
D:\Documents\GitHub\Amethyst-2\amethyst\tables.cpp(3721,1): warning C4102: 'lab_004212D9': unreferenced label
D:\Documents\GitHub\Amethyst-2\amethyst\tables.cpp(4158,1): warning C4102: 'lab4': unreferenced label
D:\Documents\GitHub\Amethyst-2\amethyst\tables.cpp(4165,1): warning C4102: 'lab3': unreferenced label
D:\Documents\GitHub\Amethyst-2\amethyst\tables.cpp(5108,3): warning C4102: 'z_null': unreferenced label
D:\Documents\GitHub\Amethyst-2\amethyst\tables.cpp(5239,3): warning C4102: 'exit': unreferenced label
D:\Documents\GitHub\Amethyst-2\amethyst\tables.cpp(5395,1): warning C4102: '_isHellSteed': unreferenced label
D:\Documents\GitHub\Amethyst-2\amethyst\tables.cpp(5427,1): warning C4102: '_isHellSteed': unreferenced label
D:\Documents\GitHub\Amethyst-2\amethyst\tables.cpp(5450,1): warning C4102: '_isHellSteed': unreferenced label
D:\Documents\GitHub\Amethyst-2\amethyst\tables.cpp(5473,1): warning C4102: '_isSorceress': unreferenced label
D:\Documents\GitHub\Amethyst-2\amethyst\tables.cpp(5497,1): warning C4102: '_isEnchanter': unreferenced label
D:\Documents\GitHub\Amethyst-2\amethyst\tables.cpp(5528,1): warning C4102: '_isEnchanter': unreferenced label
D:\Documents\GitHub\Amethyst-2\amethyst\tables.cpp(5550,1): warning C4102: '_hasSantaGuards': unreferenced label
D:\Documents\GitHub\Amethyst-2\amethyst\tables.cpp(5631,1): warning C4102: '_isGhost': unreferenced label
D:\Documents\GitHub\Amethyst-2\amethyst\tables.cpp(5648,37): warning C4244: '*=': conversion from 'float' to 'int', possible loss of data
D:\Documents\GitHub\Amethyst-2\amethyst\tables.cpp(5688,2): warning C4102: 'mop_007572FA': unreferenced label
D:\Documents\GitHub\Amethyst-2\amethyst\tables.cpp(6703,3): warning C4102: 'z_okay': unreferenced label
D:\Documents\GitHub\Amethyst-2\amethyst\tables.cpp(6751,4): warning C4102: 'stage_0': unreferenced label
D:\Documents\GitHub\Amethyst-2\amethyst\tables.cpp(7167,1): warning C4102: 'Spell_Can_Cast': unreferenced label
D:\Documents\GitHub\Amethyst-2\amethyst\tables.cpp(7186,3): warning C4102: 'Spell_None': unreferenced label
D:\Documents\GitHub\Amethyst-2\amethyst\tables.cpp(7375,1): warning C4102: 'LABEL_16': unreferenced label
D:\Documents\GitHub\Amethyst-2\amethyst\tables.cpp(7509,49): warning C4018: '>=': signed/unsigned mismatch
D:\Documents\GitHub\Amethyst-2\amethyst\tables.cpp(8345,21): warning C4018: '<': signed/unsigned mismatch
D:\Documents\GitHub\Amethyst-2\amethyst\tables.cpp(8346,21): warning C4018: '<': signed/unsigned mismatch
D:\Documents\GitHub\Amethyst-2\amethyst\tables.cpp(8337,74): warning C4996: 'fopen': This function or variable may be unsafe. Consider using fopen_s instead. To disable deprecation, use _CRT_SECURE_NO_WARNINGS. See online help for details.
D:\Documents\GitHub\Amethyst-2\amethyst\tables.cpp(8342,3): warning C4996: 'fscanf': This function or variable may be unsafe. Consider using fscanf_s instead. To disable deprecation, use _CRT_SECURE_NO_WARNINGS. See online help for details.
D:\Documents\GitHub\Amethyst-2\amethyst\tables.cpp(8400,20): warning C4018: '<': signed/unsigned mismatch
D:\Documents\GitHub\Amethyst-2\amethyst\tables.cpp(8400,71): warning C4018: '<': signed/unsigned mismatch
D:\Documents\GitHub\Amethyst-2\amethyst\tables.cpp(8400,122): warning C4018: '<': signed/unsigned mismatch
D:\Documents\GitHub\Amethyst-2\amethyst\tables.cpp(8401,20): warning C4018: '<': signed/unsigned mismatch
D:\Documents\GitHub\Amethyst-2\amethyst\tables.cpp(8401,71): warning C4018: '<': signed/unsigned mismatch
D:\Documents\GitHub\Amethyst-2\amethyst\tables.cpp(8401,122): warning C4018: '<': signed/unsigned mismatch
D:\Documents\GitHub\Amethyst-2\amethyst\tables.cpp(8376,72): warning C4996: 'fopen': This function or variable may be unsafe. Consider using fopen_s instead. To disable deprecation, use _CRT_SECURE_NO_WARNINGS. See online help for details.
D:\Documents\GitHub\Amethyst-2\amethyst\tables.cpp(8390,2): warning C4996: 'fscanf': This function or variable may be unsafe. Consider using fscanf_s instead. To disable deprecation, use _CRT_SECURE_NO_WARNINGS. See online help for details.
D:\Documents\GitHub\Amethyst-2\amethyst\tables.cpp(8404,20): warning C4996: 'sprintf': This function or variable may be unsafe. Consider using sprintf_s instead. To disable deprecation, use _CRT_SECURE_NO_WARNINGS. See online help for details.
D:\Documents\GitHub\Amethyst-2\amethyst\tables.cpp(8867,47): warning C4305: '=': truncation from 'double' to 'float'
D:\Documents\GitHub\Amethyst-2\amethyst\tables.cpp(8932,55): warning C4309: '=': truncation of constant value
D:\Documents\GitHub\Amethyst-2\amethyst\tables.cpp(8629,3): warning C4996: 'sprintf': This function or variable may be unsafe. Consider using sprintf_s instead. To disable deprecation, use _CRT_SECURE_NO_WARNINGS. See online help for details.
D:\Documents\GitHub\Amethyst-2\amethyst\tables.cpp(8630,18): warning C4996: 'fopen': This function or variable may be unsafe. Consider using fopen_s instead. To disable deprecation, use _CRT_SECURE_NO_WARNINGS. See online help for details.
  Generating Code...
D:\Documents\GitHub\Amethyst-2\amethyst\tables.cpp(2270,1): warning C4715: 'z_hook_004476E9': not all control paths return a value
D:\Documents\GitHub\Amethyst-2\amethyst\tables.cpp(1695,1): warning C4733: Inline asm assigning to 'FS:0': handler not registered as safe handler
D:\Documents\GitHub\Amethyst-2\amethyst\tables.cpp(1731,1): warning C4733: Inline asm assigning to 'FS:0': handler not registered as safe handler
  dllmain.cpp
D:\Documents\GitHub\Amethyst-2\amethyst\stdafx.h(1,1): warning C4819: The file contains a character that cannot be represented in the current code page (936). Save the file in Unicode format to prevent data loss
  (compiling source file 'dllmain.cpp')
  
D:\Documents\GitHub\H3API\single_header\H3API.hpp(1,1): warning C4819: The file contains a character that cannot be represented in the current code page (936). Save the file in Unicode format to prevent data loss
  (compiling source file 'dllmain.cpp')
  
D:\Documents\GitHub\H3API\single_header\H3API.hpp(21662,15): warning C4996: '_vsnprintf': This function or variable may be unsafe. Consider using _vsnprintf_s instead. To disable deprecation, use _CRT_SECURE_NO_WARNINGS. See online help for details.
  (compiling source file 'dllmain.cpp')
  
D:\Documents\GitHub\Amethyst-2\amethyst\patcher_x86_commented.hpp(1183,9): warning C4005: 'CALL_0': macro redefinition
  (compiling source file 'dllmain.cpp')
      D:\Documents\GitHub\Amethyst-2\amethyst\patcher_x86_commented.hpp(78,9):
      see previous definition of 'CALL_0'
  
D:\Documents\GitHub\Amethyst-2\__include\era.h(321,9): warning C4996: 'sprintf': This function or variable may be unsafe. Consider using sprintf_s instead. To disable deprecation, use _CRT_SECURE_NO_WARNINGS. See online help for details.
  (compiling source file 'dllmain.cpp')
  
D:\Documents\GitHub\Amethyst-2\amethyst\dllmain.cpp(45,41): warning C4114: same type qualifier used more than once
D:\Documents\GitHub\Amethyst-2\amethyst\dllmain.cpp(230,4): warning C4996: 'strcpy': This function or variable may be unsafe. Consider using strcpy_s instead. To disable deprecation, use _CRT_SECURE_NO_WARNINGS. See online help for details.
D:\Documents\GitHub\Amethyst-2\amethyst\dllmain.cpp(239,4): warning C4996: 'strcpy': This function or variable may be unsafe. Consider using strcpy_s instead. To disable deprecation, use _CRT_SECURE_NO_WARNINGS. See online help for details.
D:\Documents\GitHub\Amethyst-2\amethyst\dllmain.cpp(225,3): warning C4996: 'sprintf': This function or variable may be unsafe. Consider using sprintf_s instead. To disable deprecation, use _CRT_SECURE_NO_WARNINGS. See online help for details.
D:\Documents\GitHub\Amethyst-2\amethyst\dllmain.cpp(226,3): warning C4996: 'sprintf': This function or variable may be unsafe. Consider using sprintf_s instead. To disable deprecation, use _CRT_SECURE_NO_WARNINGS. See online help for details.
D:\Documents\GitHub\Amethyst-2\amethyst\dllmain.cpp(234,3): warning C4996: 'sprintf': This function or variable may be unsafe. Consider using sprintf_s instead. To disable deprecation, use _CRT_SECURE_NO_WARNINGS. See online help for details.
D:\Documents\GitHub\Amethyst-2\amethyst\dllmain.cpp(259,17): warning C4018: '<': signed/unsigned mismatch
D:\Documents\GitHub\Amethyst-2\amethyst\dllmain.cpp(278,17): warning C4018: '<': signed/unsigned mismatch
D:\Documents\GitHub\Amethyst-2\amethyst\dllmain.cpp(288,3): warning C4996: 'sprintf': This function or variable may be unsafe. Consider using sprintf_s instead. To disable deprecation, use _CRT_SECURE_NO_WARNINGS. See online help for details.
D:\Documents\GitHub\Amethyst-2\amethyst\dllmain.cpp(292,3): warning C4996: 'sprintf': This function or variable may be unsafe. Consider using sprintf_s instead. To disable deprecation, use _CRT_SECURE_NO_WARNINGS. See online help for details.
D:\Documents\GitHub\Amethyst-2\amethyst\dllmain.cpp(324,15): warning C4996: 'fopen': This function or variable may be unsafe. Consider using fopen_s instead. To disable deprecation, use _CRT_SECURE_NO_WARNINGS. See online help for details.
D:\Documents\GitHub\Amethyst-2\amethyst\dllmain.cpp(368,15): warning C4996: 'fopen': This function or variable may be unsafe. Consider using fopen_s instead. To disable deprecation, use _CRT_SECURE_NO_WARNINGS. See online help for details.
D:\Documents\GitHub\Amethyst-2\amethyst\dllmain.cpp(549,3): warning C4102: 'z_error': unreferenced label
     Creating library D:\Games\HoMM 3 ERA Archer\Mods\Third Upgrade Mod Reborn\EraPlugins\amethyst2_4.lib and object D:\Games\HoMM 3 ERA Archer\Mods\Third Upgrade Mod Reborn\EraPlugins\amethyst2_4.exp
  LINK : /LTCG specified but no code generation required; remove /LTCG from the link command line to improve linker performance
  amethyst.vcxproj -> D:\Games\HoMM 3 ERA Archer\Mods\Third Upgrade Mod Reborn\EraPlugins\amethyst2_4.dll
