e:\dev\__repository__\_h3era_plugins_\amethyst2\release\amethyst2_4.lib
e:\dev\__repository__\_h3era_plugins_\amethyst2\release\amethyst2_4.exp
d:\documents\github\amethyst-2\amethyst\release\amethyst2_4.pch
d:\documents\github\amethyst-2\amethyst\release\vc143.pdb
d:\documents\github\amethyst-2\amethyst\release\stdafx.obj
d:\documents\github\amethyst-2\amethyst\release\__assembly__.obj
d:\documents\github\amethyst-2\amethyst\release\summon.obj
d:\documents\github\amethyst-2\amethyst\release\misccreaturehooks.obj
d:\documents\github\amethyst-2\amethyst\release\majaczek.obj
d:\documents\github\amethyst-2\amethyst\release\gamemgr_getrandmonster_bylevel.obj
d:\documents\github\amethyst-2\amethyst\release\drophtml.obj
d:\documents\github\amethyst-2\amethyst\release\creexpo1024.obj
d:\documents\github\amethyst-2\amethyst\release\core.obj
d:\documents\github\amethyst-2\amethyst\release\bugfix.obj
d:\documents\github\amethyst-2\amethyst\release\amethyst.obj
d:\documents\github\amethyst-2\amethyst\release\heroes.obj
d:\documents\github\amethyst-2\amethyst\release\tables.obj
d:\documents\github\amethyst-2\amethyst\release\dllmain.obj
d:\games\homm 3 era archer\mods\third upgrade mod reborn\eraplugins\amethyst2_4.lib
d:\games\homm 3 era archer\mods\third upgrade mod reborn\eraplugins\amethyst2_4.exp
d:\games\homm 3 era archer\mods\third upgrade mod reborn\eraplugins\amethyst2_4.dll
d:\documents\github\amethyst-2\amethyst\amethyst2_4.map
d:\games\homm 3 era archer\mods\third upgrade mod reborn\eraplugins\amethyst2_4.pdb
d:\documents\github\amethyst-2\amethyst\release\vc142.pdb
d:\documents\github\amethyst-2\amethyst\release\amethyst2.tlog\amethyst2.write.1u.tlog
d:\documents\github\amethyst-2\amethyst\release\amethyst2.tlog\cl.command.1.tlog
d:\documents\github\amethyst-2\amethyst\release\amethyst2.tlog\cl.items.tlog
d:\documents\github\amethyst-2\amethyst\release\amethyst2.tlog\cl.read.1.tlog
d:\documents\github\amethyst-2\amethyst\release\amethyst2.tlog\cl.write.1.tlog
d:\documents\github\amethyst-2\amethyst\release\amethyst2.tlog\link.command.1.tlog
d:\documents\github\amethyst-2\amethyst\release\amethyst2.tlog\link.read.1.tlog
d:\documents\github\amethyst-2\amethyst\release\amethyst2.tlog\link.write.1.tlog
d:\documents\github\amethyst-2\amethyst\release\amethyst2.tlog\link.write.2u.tlog
